Determining if the pthread_create exist failed with the following output:
Change Dir: /home/pluto/Code/cellbowl/CMakeFiles/CMakeTmp

Run Build Command(s):/usr/bin/make cmTC_22ecb/fast 
make[1]: Entering directory '/home/pluto/Code/cellbowl/CMakeFiles/CMakeTmp'
/usr/bin/make -f CMakeFiles/cmTC_22ecb.dir/build.make CMakeFiles/cmTC_22ecb.dir/build
make[2]: Entering directory '/home/pluto/Code/cellbowl/CMakeFiles/CMakeTmp'
Building C object CMakeFiles/cmTC_22ecb.dir/CheckSymbolExists.c.o
/usr/bin/cc    -o CMakeFiles/cmTC_22ecb.dir/CheckSymbolExists.c.o   -c /home/pluto/Code/cellbowl/CMakeFiles/CMakeTmp/CheckSymbolExists.c
Linking C executable cmTC_22ecb
/usr/bin/cmake -E cmake_link_script CMakeFiles/cmTC_22ecb.dir/link.txt --verbose=1
/usr/bin/cc      CMakeFiles/cmTC_22ecb.dir/CheckSymbolExists.c.o  -o cmTC_22ecb 
/usr/bin/ld: CMakeFiles/cmTC_22ecb.dir/CheckSymbolExists.c.o: in function `main':
CheckSymbolExists.c:(.text+0x1b): undefined reference to `pthread_create'
collect2: error: ld returned 1 exit status
make[2]: *** [CMakeFiles/cmTC_22ecb.dir/build.make:87: cmTC_22ecb] Error 1
make[2]: Leaving directory '/home/pluto/Code/cellbowl/CMakeFiles/CMakeTmp'
make[1]: *** [Makefile:121: cmTC_22ecb/fast] Error 2
make[1]: Leaving directory '/home/pluto/Code/cellbowl/CMakeFiles/CMakeTmp'

File /home/pluto/Code/cellbowl/CMakeFiles/CMakeTmp/CheckSymbolExists.c:
/* */
#include <pthread.h>

int main(int argc, char** argv)
{
  (void)argv;
#ifndef pthread_create
  return ((int*)(&pthread_create))[argc];
#else
  (void)argc;
  return 0;
#endif
}

Determining if the function pthread_create exists in the pthreads failed with the following output:
Change Dir: /home/pluto/Code/cellbowl/CMakeFiles/CMakeTmp

Run Build Command(s):/usr/bin/make cmTC_7bdc4/fast 
make[1]: Entering directory '/home/pluto/Code/cellbowl/CMakeFiles/CMakeTmp'
/usr/bin/make -f CMakeFiles/cmTC_7bdc4.dir/build.make CMakeFiles/cmTC_7bdc4.dir/build
make[2]: Entering directory '/home/pluto/Code/cellbowl/CMakeFiles/CMakeTmp'
Building C object CMakeFiles/cmTC_7bdc4.dir/CheckFunctionExists.c.o
/usr/bin/cc   -DCHECK_FUNCTION_EXISTS=pthread_create   -o CMakeFiles/cmTC_7bdc4.dir/CheckFunctionExists.c.o   -c /usr/share/cmake-3.14/Modules/CheckFunctionExists.c
Linking C executable cmTC_7bdc4
/usr/bin/cmake -E cmake_link_script CMakeFiles/cmTC_7bdc4.dir/link.txt --verbose=1
/usr/bin/cc  -DCHECK_FUNCTION_EXISTS=pthread_create    CMakeFiles/cmTC_7bdc4.dir/CheckFunctionExists.c.o  -o cmTC_7bdc4 -lpthreads 
/usr/bin/ld: cannot find -lpthreads
collect2: error: ld returned 1 exit status
make[2]: *** [CMakeFiles/cmTC_7bdc4.dir/build.make:87: cmTC_7bdc4] Error 1
make[2]: Leaving directory '/home/pluto/Code/cellbowl/CMakeFiles/CMakeTmp'
make[1]: *** [Makefile:121: cmTC_7bdc4/fast] Error 2
make[1]: Leaving directory '/home/pluto/Code/cellbowl/CMakeFiles/CMakeTmp'


