Determining if the pthread_create exist failed with the following output:
Change Dir: /home/pluto/Code/cellbowl/src/build/CMakeFiles/CMakeTmp

Run Build Command(s):/usr/bin/make cmTC_2f9a1/fast 
/usr/bin/make -f CMakeFiles/cmTC_2f9a1.dir/build.make CMakeFiles/cmTC_2f9a1.dir/build
make[1]: Entering directory '/home/pluto/Code/cellbowl/src/build/CMakeFiles/CMakeTmp'
Building C object CMakeFiles/cmTC_2f9a1.dir/CheckSymbolExists.c.o
/usr/bin/cc    -o CMakeFiles/cmTC_2f9a1.dir/CheckSymbolExists.c.o   -c /home/pluto/Code/cellbowl/src/build/CMakeFiles/CMakeTmp/CheckSymbolExists.c
Linking C executable cmTC_2f9a1
/usr/bin/cmake -E cmake_link_script CMakeFiles/cmTC_2f9a1.dir/link.txt --verbose=1
/usr/bin/cc      CMakeFiles/cmTC_2f9a1.dir/CheckSymbolExists.c.o  -o cmTC_2f9a1 
/usr/bin/ld: CMakeFiles/cmTC_2f9a1.dir/CheckSymbolExists.c.o: in function `main':
CheckSymbolExists.c:(.text+0x1b): undefined reference to `pthread_create'
collect2: error: ld returned 1 exit status
make[1]: *** [CMakeFiles/cmTC_2f9a1.dir/build.make:87: cmTC_2f9a1] Error 1
make[1]: Leaving directory '/home/pluto/Code/cellbowl/src/build/CMakeFiles/CMakeTmp'
make: *** [Makefile:121: cmTC_2f9a1/fast] Error 2

File /home/pluto/Code/cellbowl/src/build/CMakeFiles/CMakeTmp/CheckSymbolExists.c:
/* */
#include <pthread.h>

int main(int argc, char** argv)
{
  (void)argv;
#ifndef pthread_create
  return ((int*)(&pthread_create))[argc];
#else
  (void)argc;
  return 0;
#endif
}

Determining if the function pthread_create exists in the pthreads failed with the following output:
Change Dir: /home/pluto/Code/cellbowl/src/build/CMakeFiles/CMakeTmp

Run Build Command(s):/usr/bin/make cmTC_5f0ee/fast 
/usr/bin/make -f CMakeFiles/cmTC_5f0ee.dir/build.make CMakeFiles/cmTC_5f0ee.dir/build
make[1]: Entering directory '/home/pluto/Code/cellbowl/src/build/CMakeFiles/CMakeTmp'
Building C object CMakeFiles/cmTC_5f0ee.dir/CheckFunctionExists.c.o
/usr/bin/cc   -DCHECK_FUNCTION_EXISTS=pthread_create   -o CMakeFiles/cmTC_5f0ee.dir/CheckFunctionExists.c.o   -c /usr/share/cmake-3.14/Modules/CheckFunctionExists.c
Linking C executable cmTC_5f0ee
/usr/bin/cmake -E cmake_link_script CMakeFiles/cmTC_5f0ee.dir/link.txt --verbose=1
/usr/bin/cc  -DCHECK_FUNCTION_EXISTS=pthread_create    CMakeFiles/cmTC_5f0ee.dir/CheckFunctionExists.c.o  -o cmTC_5f0ee -lpthreads 
/usr/bin/ld: cannot find -lpthreads
collect2: error: ld returned 1 exit status
make[1]: *** [CMakeFiles/cmTC_5f0ee.dir/build.make:87: cmTC_5f0ee] Error 1
make[1]: Leaving directory '/home/pluto/Code/cellbowl/src/build/CMakeFiles/CMakeTmp'
make: *** [Makefile:121: cmTC_5f0ee/fast] Error 2


